2020-07-28 14:36:01,815:INFO:PyCaret Regression Module
2020-07-28 14:36:01,815:INFO:version pycaret-nightly-0.38
2020-07-28 14:36:01,816:INFO:Initializing setup()
2020-07-28 14:36:01,816:INFO:USI: aedf
2020-07-28 14:36:01,816:INFO:setup(data=(1338, 7), target=charges, train_size=0.7, sampling=True, sample_estimator=None, categorical_features=None, categorical_imputation=constant, ordinal_features=None,
                    high_cardinality_features=None, high_cardinality_method=frequency, numeric_features=None, numeric_imputation=mean, date_features=None, ignore_features=None, normalize=True,
                    normalize_method=zscore, transformation=False, transformation_method=yeo-johnson, handle_unknown_categorical=True, unknown_categorical_method=least_frequent, pca=False, pca_method=linear,
                    pca_components=None, ignore_low_variance=False, combine_rare_levels=False, rare_level_threshold=0.1, bin_numeric_features=['age', 'bmi'], remove_outliers=False, outliers_threshold=0.05,
                    remove_multicollinearity=False, multicollinearity_threshold=0.9, remove_perfect_collinearity=False, create_clusters=False, cluster_iter=20,
                    polynomial_features=True, polynomial_degree=2, trigonometry_features=True, polynomial_threshold=0.1, group_features=None,
                    group_names=None, feature_selection=False, feature_selection_threshold=0.8, feature_interaction=True, feature_ratio=False, interaction_threshold=0.01, transform_target=False,
                    transform_target_method=box-cox, data_split_shuffle=True, folds_shuffle=False, n_jobs=-1, html=True, session_id=123, log_experiment=False,
                    experiment_name=None, log_plots=False, log_profile=False, log_data=False, silent=False, verbose=True, profile=False)
2020-07-28 14:36:01,817:INFO:Checking environment
2020-07-28 14:36:01,817:INFO:python_version: 3.6.10
2020-07-28 14:36:01,817:INFO:python_build: ('default', 'May  7 2020 19:46:08')
2020-07-28 14:36:01,817:INFO:machine: AMD64
2020-07-28 14:36:01,817:INFO:platform: Windows-10-10.0.18362-SP0
2020-07-28 14:36:01,838:INFO:Memory: svmem(total=17032478720, available=10162708480, percent=40.3, used=6869770240, free=10162708480)
2020-07-28 14:36:01,838:INFO:Physical Core: 4
2020-07-28 14:36:01,838:INFO:Logical Core: 8
2020-07-28 14:36:01,838:INFO:Checking libraries
2020-07-28 14:36:01,839:INFO:pd==1.0.4
2020-07-28 14:36:01,839:INFO:numpy==1.18.5
2020-07-28 14:36:02,249:INFO:sklearn==0.23.1
2020-07-28 14:36:02,325:INFO:xgboost==1.1.1
2020-07-28 14:36:02,373:INFO:lightgbm==2.3.1
2020-07-28 14:36:02,419:INFO:catboost==0.23.2
2020-07-28 14:36:02,837:INFO:mlflow==1.8.0
2020-07-28 14:36:02,838:INFO:Checking Exceptions
2020-07-28 14:36:02,838:INFO:Preloading libraries
2020-07-28 14:36:02,838:INFO:Preparing display monitor
2020-07-28 14:36:02,854:INFO:Importing libraries
2020-07-28 14:36:04,363:INFO:Copying data for preprocessing
2020-07-28 14:36:04,363:INFO:Declaring global variables
2020-07-28 14:36:04,371:INFO:Declaring preprocessing parameters
2020-07-28 14:36:04,371:INFO:Importing preprocessing module
2020-07-28 14:36:04,864:INFO:Creating preprocessing pipeline
2020-07-28 14:36:06,678:INFO:Preprocessing pipeline created successfully
2020-07-28 14:36:06,679:INFO:No inverse transformer found
2020-07-28 14:36:06,679:INFO:Creating grid variables
2020-07-28 14:36:06,680:INFO:Creating global containers
2020-07-28 14:36:06,772:INFO:create_model_container: 0
2020-07-28 14:36:06,772:INFO:master_model_container: 0
2020-07-28 14:36:06,772:INFO:display_container: 0
2020-07-28 14:36:06,772:INFO:setup() succesfully completed......................................
2020-07-28 14:36:07,282:INFO:Initializing create_model()
2020-07-28 14:36:07,283:INFO:create_model(estimator=lr, ensemble=False, method=None, fold=10, round=4, cross_validation=True, verbose=True, system=True)
2020-07-28 14:36:07,283:INFO:Checking exceptions
2020-07-28 14:36:07,283:INFO:Preloading libraries
2020-07-28 14:36:07,283:INFO:Preparing display monitor
2020-07-28 14:36:07,311:INFO:Copying training dataset
2020-07-28 14:36:07,312:INFO:Importing libraries
2020-07-28 14:36:07,313:INFO:Defining folds
2020-07-28 14:36:07,313:INFO:Declaring metric variables
2020-07-28 14:36:07,317:INFO:Linear Regression Imported succesfully
2020-07-28 14:36:07,318:INFO:Checking ensemble method
2020-07-28 14:36:07,323:INFO:Initializing Fold 1
2020-07-28 14:36:07,329:INFO:Fitting Model
2020-07-28 14:36:07,344:INFO:Evaluating Metrics
2020-07-28 14:36:07,347:INFO:No inverse transformation
2020-07-28 14:36:07,347:INFO:Compiling Metrics
2020-07-28 14:36:07,363:INFO:Initializing Fold 2
2020-07-28 14:36:07,367:INFO:Fitting Model
2020-07-28 14:36:07,382:INFO:Evaluating Metrics
2020-07-28 14:36:07,384:INFO:No inverse transformation
2020-07-28 14:36:07,384:INFO:Compiling Metrics
2020-07-28 14:36:07,402:INFO:Initializing Fold 3
2020-07-28 14:36:07,407:INFO:Fitting Model
2020-07-28 14:36:07,421:INFO:Evaluating Metrics
2020-07-28 14:36:07,423:INFO:No inverse transformation
2020-07-28 14:36:07,423:INFO:Compiling Metrics
2020-07-28 14:36:07,440:INFO:Initializing Fold 4
2020-07-28 14:36:07,447:INFO:Fitting Model
2020-07-28 14:36:07,459:INFO:Evaluating Metrics
2020-07-28 14:36:07,462:INFO:No inverse transformation
2020-07-28 14:36:07,462:INFO:Compiling Metrics
2020-07-28 14:36:07,478:INFO:Initializing Fold 5
2020-07-28 14:36:07,484:INFO:Fitting Model
2020-07-28 14:36:07,496:INFO:Evaluating Metrics
2020-07-28 14:36:07,499:INFO:No inverse transformation
2020-07-28 14:36:07,499:INFO:Compiling Metrics
2020-07-28 14:36:07,515:INFO:Initializing Fold 6
2020-07-28 14:36:07,521:INFO:Fitting Model
2020-07-28 14:36:07,534:INFO:Evaluating Metrics
2020-07-28 14:36:07,536:INFO:No inverse transformation
2020-07-28 14:36:07,536:INFO:Compiling Metrics
2020-07-28 14:36:07,552:INFO:Initializing Fold 7
2020-07-28 14:36:07,560:INFO:Fitting Model
2020-07-28 14:36:07,573:INFO:Evaluating Metrics
2020-07-28 14:36:07,576:INFO:No inverse transformation
2020-07-28 14:36:07,576:INFO:Compiling Metrics
2020-07-28 14:36:07,593:INFO:Initializing Fold 8
2020-07-28 14:36:07,598:INFO:Fitting Model
2020-07-28 14:36:07,610:INFO:Evaluating Metrics
2020-07-28 14:36:07,613:INFO:No inverse transformation
2020-07-28 14:36:07,613:INFO:Compiling Metrics
2020-07-28 14:36:07,631:INFO:Initializing Fold 9
2020-07-28 14:36:07,636:INFO:Fitting Model
2020-07-28 14:36:07,649:INFO:Evaluating Metrics
2020-07-28 14:36:07,650:INFO:No inverse transformation
2020-07-28 14:36:07,650:INFO:Compiling Metrics
2020-07-28 14:36:07,668:INFO:Initializing Fold 10
2020-07-28 14:36:07,675:INFO:Fitting Model
2020-07-28 14:36:07,688:INFO:Evaluating Metrics
2020-07-28 14:36:07,690:INFO:No inverse transformation
2020-07-28 14:36:07,690:INFO:Compiling Metrics
2020-07-28 14:36:07,707:INFO:Calculating mean and std
2020-07-28 14:36:07,708:INFO:Creating metrics dataframe
2020-07-28 14:36:07,716:INFO:Finalizing model
2020-07-28 14:36:07,731:INFO:Uploading results into container
2020-07-28 14:36:07,731:INFO:Uploading model into container
2020-07-28 14:36:07,767:INFO:create_model_container: 1
2020-07-28 14:36:07,767:INFO:master_model_container: 1
2020-07-28 14:36:07,767:INFO:display_container: 1
2020-07-28 14:36:07,767:INFO:LinearRegression(copy_X=True, fit_intercept=True, n_jobs=-1, normalize=False)
2020-07-28 14:36:07,767:INFO:create_model() succesfully completed......................................
2020-07-28 14:36:08,461:INFO:Initializing plot_model()
2020-07-28 14:36:08,462:INFO:plot_model(estimator=LinearRegression(copy_X=True, fit_intercept=True, n_jobs=-1, normalize=False), plot=residuals, save=False, verbose=True, system=True)
2020-07-28 14:36:08,462:INFO:Checking exceptions
2020-07-28 14:36:08,462:INFO:Preloading libraries
2020-07-28 14:36:08,462:INFO:Preparing display monitor
2020-07-28 14:36:08,471:INFO:Importing libraries
2020-07-28 14:36:08,472:INFO:plot type: residuals
2020-07-28 14:36:08,557:INFO:Fitting Model
2020-07-28 14:36:08,591:INFO:Scoring test/hold-out set
2020-07-28 14:36:09,250:INFO:Visual Rendered Successfully
2020-07-28 14:36:09,250:INFO:plot_model() succesfully completed......................................
2020-07-28 14:36:10,135:INFO:Initializing save_model()
2020-07-28 14:36:10,135:INFO:save_model(model=LinearRegression(copy_X=True, fit_intercept=True, n_jobs=-1, normalize=False), model_name=deployment_28042020, verbose=True)
2020-07-28 14:36:10,135:INFO:Appending prep pipeline
2020-07-28 14:36:10,168:INFO:deployment_28042020.pkl saved in current working directory
2020-07-28 14:36:10,177:INFO:[Pipeline(memory=None,
         steps=[('dtypes',
                 DataTypes_Auto_infer(categorical_features=[],
                                      display_types=True, features_todrop=[],
                                      ml_usecase='regression',
                                      numerical_features=[], target='charges',
                                      time_features=[])),
                ('imputer',
                 Simple_Imputer(categorical_strategy='not_available',
                                numeric_strategy='mean',
                                target_variable=None)),
                ('new_levels1',
                 New_Catagorical_Levels...
                ('rem_outliers', Empty()), ('cluster_all', Empty()),
                ('dummy', Dummify(target='charges')), ('fix_perfect', Empty()),
                ('clean_names', Clean_Colum_Names()),
                ('feature_select', Empty()), ('fix_multi', Empty()),
                ('dfs',
                 DFS_Classic(interactions=['multiply'], ml_usecase='regression',
                             random_state=123, subclass='binary',
                             target='charges',
                             top_features_to_pick_percentage=None)),
                ('pca', Empty())],
         verbose=False), LinearRegression(copy_X=True, fit_intercept=True, n_jobs=-1, normalize=False), None]
2020-07-28 14:36:10,177:INFO:save_model() succesfully completed......................................
